<?xml version="1.0" encoding="UTF-8"?>
<testsuite xmlns:xsi="http://www.w3.org/2001/XMLSchema-instance" xsi:noNamespaceSchemaLocation="https://maven.apache.org/surefire/maven-surefire-plugin/xsd/surefire-test-report.xsd" name="com.hotelapp.swb.service.unit.HotelServiceTests" time="21.895" tests="5" errors="0" skipped="0" failures="0">
  <properties>
[...]
</properties>
  <testcase name="testBooking1" classname="com.hotelapp.swb.service.unit.HotelServiceTests" time="2.278"/>
  <testcase name="testBooking2" classname="com.hotelapp.swb.service.unit.HotelServiceTests" time="2.563"/>
  <testcase name="testBooking3" classname="com.hotelapp.swb.service.unit.HotelServiceTests" time="4.114"/>
  <testcase name="testBooking4" classname="com.hotelapp.swb.service.unit.HotelServiceTests" time="1.299"/>
  <testcase name="testBooking5" classname="com.hotelapp.swb.service.unit.HotelServiceTests" time="1.306"/>
</testsuite>